This is pdfTeX, Version 3.141592653-2.6-1.40.22 (TeX Live 2021/W32TeX) (preloaded format=pdflatex 2022.3.1)  2 MAR 2022 23:17
entering extended mode
 restricted \write18 enabled.
 file:line:error style messages enabled.
 %&-line parsing enabled.
**firstlx
(./firstlx.tex
LaTeX2e <2020-10-01> patch level 4
L3 programming layer <2021-02-18> (d:/TEXLIVE/texlive/2021/texmf-dist/tex/latex/base/article.cls
Document Class: article 2020/04/10 v1.4m Standard LaTeX document class
(d:/TEXLIVE/texlive/2021/texmf-dist/tex/latex/base/size10.clo
File: size10.clo 2020/04/10 v1.4m Standard LaTeX file (size option)
)
\c@part=\count179
\c@section=\count180
\c@subsection=\count181
\c@subsubsection=\count182
\c@paragraph=\count183
\c@subparagraph=\count184
\c@figure=\count185
\c@table=\count186
\abovecaptionskip=\skip47
\belowcaptionskip=\skip48
\bibindent=\dimen138
) (d:/TEXLIVE/texlive/2021/texmf-dist/tex/latex/amsmath/amsmath.sty
Package: amsmath 2020/09/23 v2.17i AMS math features
\@mathmargin=\skip49

For additional information on amsmath, use the `?' option.
(d:/TEXLIVE/texlive/2021/texmf-dist/tex/latex/amsmath/amstext.sty
Package: amstext 2000/06/29 v2.01 AMS text
 (d:/TEXLIVE/texlive/2021/texmf-dist/tex/latex/amsmath/amsgen.sty
File: amsgen.sty 1999/11/30 v2.0 generic functions
\@emptytoks=\toks15
\ex@=\dimen139
)) (d:/TEXLIVE/texlive/2021/texmf-dist/tex/latex/amsmath/amsbsy.sty
Package: amsbsy 1999/11/29 v1.2d Bold Symbols
\pmbraise@=\dimen140
) (d:/TEXLIVE/texlive/2021/texmf-dist/tex/latex/amsmath/amsopn.sty
Package: amsopn 2016/03/08 v2.02 operator names
)
\inf@bad=\count187
LaTeX Info: Redefining \frac on input line 234.
\uproot@=\count188
\leftroot@=\count189
LaTeX Info: Redefining \overline on input line 399.
\classnum@=\count190
\DOTSCASE@=\count191
LaTeX Info: Redefining \ldots on input line 496.
LaTeX Info: Redefining \dots on input line 499.
LaTeX Info: Redefining \cdots on input line 620.
\Mathstrutbox@=\box47
\strutbox@=\box48
\big@size=\dimen141
LaTeX Font Info:    Redeclaring font encoding OML on input line 743.
LaTeX Font Info:    Redeclaring font encoding OMS on input line 744.
\macc@depth=\count192
\c@MaxMatrixCols=\count193
\dotsspace@=\muskip16
\c@parentequation=\count194
\dspbrk@lvl=\count195
\tag@help=\toks16
\row@=\count196
\column@=\count197
\maxfields@=\count198
\andhelp@=\toks17
\eqnshift@=\dimen142
\alignsep@=\dimen143
\tagshift@=\dimen144
\tagwidth@=\dimen145
\totwidth@=\dimen146
\lineht@=\dimen147
\@envbody=\toks18
\multlinegap=\skip50
\multlinetaggap=\skip51
\mathdisplay@stack=\toks19
LaTeX Info: Redefining \[ on input line 2923.
LaTeX Info: Redefining \] on input line 2924.
) (d:/TEXLIVE/texlive/2021/texmf-dist/tex/latex/graphics/graphicx.sty
Package: graphicx 2020/09/09 v1.2b Enhanced LaTeX Graphics (DPC,SPQR)
 (d:/TEXLIVE/texlive/2021/texmf-dist/tex/latex/graphics/keyval.sty
Package: keyval 2014/10/28 v1.15 key=value parser (DPC)
\KV@toks@=\toks20
) (d:/TEXLIVE/texlive/2021/texmf-dist/tex/latex/graphics/graphics.sty
Package: graphics 2020/08/30 v1.4c Standard LaTeX Graphics (DPC,SPQR)
 (d:/TEXLIVE/texlive/2021/texmf-dist/tex/latex/graphics/trig.sty
Package: trig 2016/01/03 v1.10 sin cos tan (DPC)
) (d:/TEXLIVE/texlive/2021/texmf-dist/tex/latex/graphics-cfg/graphics.cfg
File: graphics.cfg 2016/06/04 v1.11 sample graphics configuration
)
Package graphics Info: Driver file: pdftex.def on input line 105.
 (d:/TEXLIVE/texlive/2021/texmf-dist/tex/latex/graphics-def/pdftex.def
File: pdftex.def 2020/10/05 v1.2a Graphics/color driver for pdftex
))
\Gin@req@height=\dimen148
\Gin@req@width=\dimen149
) (d:/TEXLIVE/texlive/2021/texmf-dist/tex/latex/pdfpages/pdfpages.sty
Package: pdfpages 2021/03/06 v0.5t Insert pages of external PDF documents (AM)
 (d:/TEXLIVE/texlive/2021/texmf-dist/tex/latex/base/ifthen.sty
Package: ifthen 2014/09/29 v1.1c Standard LaTeX ifthen package (DPC)
) (d:/TEXLIVE/texlive/2021/texmf-dist/tex/latex/tools/calc.sty
Package: calc 2017/05/25 v4.3 Infix arithmetic (KKT,FJ)
\calc@Acount=\count199
\calc@Bcount=\count266
\calc@Adimen=\dimen150
\calc@Bdimen=\dimen151
\calc@Askip=\skip52
\calc@Bskip=\skip53
LaTeX Info: Redefining \setlength on input line 80.
LaTeX Info: Redefining \addtolength on input line 81.
\calc@Ccount=\count267
\calc@Cskip=\skip54
) (d:/TEXLIVE/texlive/2021/texmf-dist/tex/latex/eso-pic/eso-pic.sty
Package: eso-pic 2020/10/14 v3.0a eso-pic (RN)
\ESO@tempdima=\dimen152
\ESO@tempdimb=\dimen153
 (d:/TEXLIVE/texlive/2021/texmf-dist/tex/latex/xcolor/xcolor.sty
Package: xcolor 2016/05/11 v2.12 LaTeX color extensions (UK)
 (d:/TEXLIVE/texlive/2021/texmf-dist/tex/latex/graphics-cfg/color.cfg
File: color.cfg 2016/01/02 v1.6 sample color configuration
)
Package xcolor Info: Driver file: pdftex.def on input line 225.
Package xcolor Info: Model `cmy' substituted by `cmy0' on input line 1348.
Package xcolor Info: Model `hsb' substituted by `rgb' on input line 1352.
Package xcolor Info: Model `RGB' extended on input line 1364.
Package xcolor Info: Model `HTML' substituted by `rgb' on input line 1366.
Package xcolor Info: Model `Hsb' substituted by `hsb' on input line 1367.
Package xcolor Info: Model `tHsb' substituted by `hsb' on input line 1368.
Package xcolor Info: Model `HSB' substituted by `hsb' on input line 1369.
Package xcolor Info: Model `Gray' substituted by `gray' on input line 1370.
Package xcolor Info: Model `wave' substituted by `hsb' on input line 1371.
))
\AM@pagewidth=\dimen154
\AM@pageheight=\dimen155
\AM@fboxrule=\dimen156
 (d:/TEXLIVE/texlive/2021/texmf-dist/tex/latex/pdfpages/pppdftex.def
File: pppdftex.def 2021/03/06 v0.5t Pdfpages driver for pdfTeX (AM)
)
\pdfpages@includegraphics@status=\count268
\AM@pagebox=\box49
\AM@global@opts=\toks21
\AM@pagecnt=\count269
\AM@toc@title=\toks22
\c@AM@survey=\count270
\AM@templatesizebox=\box50
) (d:/TEXLIVE/texlive/2021/texmf-dist/tex/latex/l3backend/l3backend-pdftex.def
File: l3backend-pdftex.def 2021-03-18 L3 backend support: PDF output (pdfTeX)
\l__color_backend_stack_int=\count271
\l__pdf_internal_box=\box51
) (./firstlx.aux

LaTeX Warning: Label `fig:myphoto' multiply defined.


LaTeX Warning: Label `fig:myphoto' multiply defined.

)
\openout1 = `firstlx.aux'.

LaTeX Font Info:    Checking defaults for OML/cmm/m/it on input line 8.
LaTeX Font Info:    ... okay on input line 8.
LaTeX Font Info:    Checking defaults for OMS/cmsy/m/n on input line 8.
LaTeX Font Info:    ... okay on input line 8.
LaTeX Font Info:    Checking defaults for OT1/cmr/m/n on input line 8.
LaTeX Font Info:    ... okay on input line 8.
LaTeX Font Info:    Checking defaults for T1/cmr/m/n on input line 8.
LaTeX Font Info:    ... okay on input line 8.
LaTeX Font Info:    Checking defaults for TS1/cmr/m/n on input line 8.
LaTeX Font Info:    ... okay on input line 8.
LaTeX Font Info:    Checking defaults for OMX/cmex/m/n on input line 8.
LaTeX Font Info:    ... okay on input line 8.
LaTeX Font Info:    Checking defaults for U/cmr/m/n on input line 8.
LaTeX Font Info:    ... okay on input line 8.
 (d:/TEXLIVE/texlive/2021/texmf-dist/tex/context/base/mkii/supp-pdf.mkii
[Loading MPS to PDF converter (version 2006.09.02).]
\scratchcounter=\count272
\scratchdimen=\dimen157
\scratchbox=\box52
\nofMPsegments=\count273
\nofMParguments=\count274
\everyMPshowfont=\toks23
\MPscratchCnt=\count275
\MPscratchDim=\dimen158
\MPnumerator=\count276
\makeMPintoPDFobject=\count277
\everyMPtoPDFconversion=\toks24
) (d:/TEXLIVE/texlive/2021/texmf-dist/tex/latex/epstopdf-pkg/epstopdf-base.sty
Package: epstopdf-base 2020-01-24 v2.11 Base part for package epstopdf
Package epstopdf-base Info: Redefining graphics rule for `.eps' on input line 485.
 (d:/TEXLIVE/texlive/2021/texmf-dist/tex/latex/latexconfig/epstopdf-sys.cfg
File: epstopdf-sys.cfg 2010/07/13 v1.3 Configuration of (r)epstopdf for TeX Live
)) (d:/TEXLIVE/texlive/2021/texmf-dist/tex/latex/pdflscape/pdflscape.sty
Package: pdflscape 2019/12/05 v0.12 Display of landscape pages in PDF (HO)
 (d:/TEXLIVE/texlive/2021/texmf-dist/tex/generic/iftex/iftex.sty
Package: iftex 2020/03/06 v1.0d TeX engine tests
) (d:/TEXLIVE/texlive/2021/texmf-dist/tex/latex/graphics/lscape.sty
Package: lscape 2020/05/28 v3.02 Landscape Pages (DPC)
)
Package pdflscape Info: Auto-detected driver: pdftex on input line 81.
) (./firstlx.toc)
\tf@toc=\write3
\openout3 = `firstlx.toc'.

 [1

{d:/TEXLIVE/texlive/2021/texmf-var/fonts/map/pdftex/updmap/pdftex.map}]
<1_7.jpg, id=11, 2569.6pt x 1973.3725pt>
File: 1_7.jpg Graphic file (type jpg)
<use 1_7.jpg>
Package pdftex.def Info: 1_7.jpg  used on input line 17.
(pdftex.def)             Requested size: 448.50105pt x 344.41191pt.

Overfull \hbox (103.50105pt too wide) in paragraph at lines 17--18
 [][] 
 []

<1_1.jpg, id=12, 2569.6pt x 3177.8725pt>
File: 1_1.jpg Graphic file (type jpg)
<use 1_1.jpg>
Package pdftex.def Info: 1_1.jpg  used on input line 23.
(pdftex.def)             Requested size: 413.99895pt x 511.9613pt.

Overfull \hbox (68.99895pt too wide) in paragraph at lines 23--24
 [][] 
 []

[2 <./1_7.jpg>] [3 <./1_1.jpg>]

pdfTeX warning: pdflatex.exe (file ./HW_1.pdf): PDF inclusion: found PDF version <1.7>, but at most version <1.5> allowed
<HW_1.pdf, id=19, 1244.65pt x 1760.5775pt>
File: HW_1.pdf Graphic file (type pdf)
<use HW_1.pdf>
Package pdftex.def Info: HW_1.pdf  used on input line 30.
(pdftex.def)             Requested size: 1244.64696pt x 1760.57321pt.


pdfTeX warning: pdflatex.exe (file ./HW_1.pdf): PDF inclusion: found PDF version <1.7>, but at most version <1.5> allowed
File: HW_1.pdf Graphic file (type pdf)
<use HW_1.pdf>
Package pdftex.def Info: HW_1.pdf  used on input line 30.
(pdftex.def)             Requested size: 1244.64696pt x 1760.57321pt.


pdfTeX warning: pdflatex.exe (file ./HW_1.pdf): PDF inclusion: found PDF version <1.7>, but at most version <1.5> allowed
File: HW_1.pdf Graphic file (type pdf)
<use HW_1.pdf>
Package pdftex.def Info: HW_1.pdf  used on input line 30.
(pdftex.def)             Requested size: 1244.64696pt x 1760.57321pt.


pdfTeX warning: pdflatex.exe (file ./HW_1.pdf): PDF inclusion: found PDF version <1.7>, but at most version <1.5> allowed
File: HW_1.pdf Graphic file (type pdf)
<use HW_1.pdf>
Package pdftex.def Info: HW_1.pdf  used on input line 30.
(pdftex.def)             Requested size: 1244.64696pt x 1760.57321pt.


pdfTeX warning: pdflatex.exe (file ./HW_1.pdf): PDF inclusion: found PDF version <1.7>, but at most version <1.5> allowed


pdfTeX warning: pdflatex.exe (file ./HW_1.pdf): PDF inclusion: found PDF version <1.7>, but at most version <1.5> allowed
<HW_1.pdf, id=24, page=2, 1244.65pt x 1760.5775pt>
File: HW_1.pdf Graphic file (type pdf)
<use HW_1.pdf, page 2>
Package pdftex.def Info: HW_1.pdf , page2 used on input line 30.
(pdftex.def)             Requested size: 1244.64696pt x 1760.57321pt.
File: HW_1.pdf Graphic file (type pdf)
<use HW_1.pdf, page 2>
Package pdftex.def Info: HW_1.pdf , page2 used on input line 30.
(pdftex.def)             Requested size: 562.17642pt x 795.20763pt.
[4]
File: HW_1.pdf Graphic file (type pdf)
<use HW_1.pdf, page 2>
Package pdftex.def Info: HW_1.pdf , page2 used on input line 30.
(pdftex.def)             Requested size: 562.17642pt x 795.20763pt.
File: HW_1.pdf Graphic file (type pdf)
<use HW_1.pdf, page 2>
Package pdftex.def Info: HW_1.pdf , page2 used on input line 30.
(pdftex.def)             Requested size: 562.17642pt x 795.20763pt.
File: HW_1.pdf Graphic file (type pdf)
<use HW_1.pdf, page 2>
Package pdftex.def Info: HW_1.pdf , page2 used on input line 30.
(pdftex.def)             Requested size: 562.17642pt x 795.20763pt.
 [5 <./HW_1.pdf>]

pdfTeX warning: pdflatex.exe (file ./HW_1.pdf): PDF inclusion: found PDF version <1.7>, but at most version <1.5> allowed
<HW_1.pdf, id=33, page=3, 1244.65pt x 1760.5775pt>
File: HW_1.pdf Graphic file (type pdf)
<use HW_1.pdf, page 3>
Package pdftex.def Info: HW_1.pdf , page3 used on input line 30.
(pdftex.def)             Requested size: 562.17642pt x 795.20763pt.
File: HW_1.pdf Graphic file (type pdf)
<use HW_1.pdf, page 3>
Package pdftex.def Info: HW_1.pdf , page3 used on input line 30.
(pdftex.def)             Requested size: 562.17642pt x 795.20763pt.
File: HW_1.pdf Graphic file (type pdf)
<use HW_1.pdf, page 3>
Package pdftex.def Info: HW_1.pdf , page3 used on input line 30.
(pdftex.def)             Requested size: 562.17642pt x 795.20763pt.
[6 <./HW_1.pdf>]

pdfTeX warning: pdflatex.exe (file ./HW_1.pdf): PDF inclusion: found PDF version <1.7>, but at most version <1.5> allowed
<HW_1.pdf, id=38, page=4, 1244.65pt x 1760.5775pt>
File: HW_1.pdf Graphic file (type pdf)
<use HW_1.pdf, page 4>
Package pdftex.def Info: HW_1.pdf , page4 used on input line 30.
(pdftex.def)             Requested size: 562.17642pt x 795.20763pt.
File: HW_1.pdf Graphic file (type pdf)
<use HW_1.pdf, page 4>
Package pdftex.def Info: HW_1.pdf , page4 used on input line 30.
(pdftex.def)             Requested size: 562.17642pt x 795.20763pt.
File: HW_1.pdf Graphic file (type pdf)
<use HW_1.pdf, page 4>
Package pdftex.def Info: HW_1.pdf , page4 used on input line 30.
(pdftex.def)             Requested size: 562.17642pt x 795.20763pt.
[7 <./HW_1.pdf>]
<Figure_1.png, id=44, 462.528pt x 346.896pt>
File: Figure_1.png Graphic file (type png)
<use Figure_1.png>
Package pdftex.def Info: Figure_1.png  used on input line 36.
(pdftex.def)             Requested size: 517.5pt x 388.14503pt.

Overfull \hbox (172.5pt too wide) in paragraph at lines 36--37
 [][] 
 []

[8 <./Figure_1.png>] (./firstlx.aux)

LaTeX Warning: There were multiply-defined labels.

 ) 
Here is how much of TeX's memory you used:
 3189 strings out of 478994
 44807 string characters out of 5858184
 342126 words of memory out of 5000000
 20647 multiletter control sequences out of 15000+600000
 409652 words of font info for 49 fonts, out of 8000000 for 9000
 1141 hyphenation exceptions out of 8191
 68i,17n,80p,220b,423s stack positions out of 5000i,500n,10000p,200000b,80000s
<d:/TEXLIVE/texlive/2021/texmf-dist/fonts/type1/public/amsfonts/cm/cmbx10.pfb><d:/TEXLIVE/texlive/2021/texmf-dist/fonts/type1/public/amsfonts/cm/cmbx12.pfb><d:/TEXLIVE/texlive/2021/texmf-dist/fonts/type1/public/amsfonts/cm/cmmi10.pfb><d:/TEXLIVE/texlive/2021/texmf-dist/fonts/type1/public/amsfonts/cm/cmr10.pfb><d:/TEXLIVE/texlive/2021/texmf-dist/fonts/type1/public/amsfonts/cm/cmr12.pfb><d:/TEXLIVE/texlive/2021/texmf-dist/fonts/type1/public/amsfonts/cm/cmr17.pfb>
Output written on firstlx.pdf (8 pages, 7207226 bytes).
PDF statistics:
 72 PDF objects out of 1000 (max. 8388607)
 40 compressed objects within 1 object stream
 0 named destinations out of 1000 (max. 500000)
 56 words of extra memory for PDF output out of 10000 (max. 10000000)

